0 info it worked if it ends with ok
1 verbose cli [ 'node', '/usr/local/bin/npm', 'install', 'yuidocjs' ]
2 info using npm@1.3.8
3 info using node@v0.10.17
4 verbose node symlink /usr/bin/node
5 verbose cache add [ 'yuidocjs', null ]
6 verbose cache add name=undefined spec="yuidocjs" args=["yuidocjs",null]
7 verbose parsed url { protocol: null,
7 verbose parsed url   slashes: null,
7 verbose parsed url   auth: null,
7 verbose parsed url   host: null,
7 verbose parsed url   port: null,
7 verbose parsed url   hostname: null,
7 verbose parsed url   hash: null,
7 verbose parsed url   search: null,
7 verbose parsed url   query: null,
7 verbose parsed url   pathname: 'yuidocjs',
7 verbose parsed url   path: 'yuidocjs',
7 verbose parsed url   href: 'yuidocjs' }
8 silly lockFile 604a54ee-yuidocjs yuidocjs
9 verbose lock yuidocjs /Users/mattmoore/.npm/604a54ee-yuidocjs.lock
10 silly lockFile 604a54ee-yuidocjs yuidocjs
11 verbose addNamed [ 'yuidocjs', '' ]
12 verbose addNamed [ null, '*' ]
13 silly lockFile 21cb9463-yuidocjs yuidocjs@
14 verbose lock yuidocjs@ /Users/mattmoore/.npm/21cb9463-yuidocjs.lock
15 silly lockFile 21cb9463-yuidocjs yuidocjs@
16 error Error: EACCES, open '/Users/mattmoore/.npm/21cb9463-yuidocjs.lock'
16 error  { [Error: EACCES, open '/Users/mattmoore/.npm/21cb9463-yuidocjs.lock']
16 error   errno: 3,
16 error   code: 'EACCES',
16 error   path: '/Users/mattmoore/.npm/21cb9463-yuidocjs.lock' }
17 error Please try running this command again as root/Administrator.
18 error System Darwin 12.5.0
19 error command "node" "/usr/local/bin/npm" "install" "yuidocjs"
20 error cwd /LocalStorage/MattMoore/Projects/Canteen/CanteenFramework
21 error node -v v0.10.17
22 error npm -v 1.3.8
23 error path /Users/mattmoore/.npm/21cb9463-yuidocjs.lock
24 error code EACCES
25 error errno 3
26 error stack Error: EACCES, open '/Users/mattmoore/.npm/21cb9463-yuidocjs.lock'
27 verbose exit [ 3, true ]
